[github.com/KeSilent/study-hub/server]2024/08/22 - 14:54:38.264	[34minfo[0m	/Volumes/MyElements/Code/Personal_Code/study-hub-github/server/initialize/router.go:25	register swagger handler
[github.com/KeSilent/study-hub/server]2024/08/22 - 14:54:38.266	[34minfo[0m	/Volumes/MyElements/Code/Personal_Code/study-hub-github/server/initialize/router.go:72	router register success
[github.com/KeSilent/study-hub/server]2024/08/22 - 14:54:38.266	[34minfo[0m	/Volumes/MyElements/Code/Personal_Code/study-hub-github/server/core/server.go:36	server run success on 	{"address": ":8888"}
[github.com/KeSilent/study-hub/server]2024/08/22 - 14:59:14.378	[34minfo[0m	/Volumes/MyElements/Code/Personal_Code/study-hub-github/server/initialize/gorm.go:64	register table success
[github.com/KeSilent/study-hub/server]2024/08/22 - 14:59:14.385	[34minfo[0m	/Volumes/MyElements/Code/Personal_Code/study-hub-github/server/initialize/router.go:25	register swagger handler
[github.com/KeSilent/study-hub/server]2024/08/22 - 14:59:14.385	[34minfo[0m	/Volumes/MyElements/Code/Personal_Code/study-hub-github/server/initialize/router.go:72	router register success
[github.com/KeSilent/study-hub/server]2024/08/22 - 14:59:14.386	[34minfo[0m	/Volumes/MyElements/Code/Personal_Code/study-hub-github/server/core/server.go:36	server run success on 	{"address": ":8888"}
[github.com/KeSilent/study-hub/server]2024/08/22 - 15:04:09.456	[34minfo[0m	/Volumes/MyElements/Code/Personal_Code/study-hub-github/server/initialize/gorm.go:64	register table success
[github.com/KeSilent/study-hub/server]2024/08/22 - 15:04:09.538	[34minfo[0m	/Volumes/MyElements/Code/Personal_Code/study-hub-github/server/initialize/router.go:25	register swagger handler
[github.com/KeSilent/study-hub/server]2024/08/22 - 15:04:09.538	[34minfo[0m	/Volumes/MyElements/Code/Personal_Code/study-hub-github/server/initialize/router.go:72	router register success
[github.com/KeSilent/study-hub/server]2024/08/22 - 15:04:09.538	[34minfo[0m	/Volumes/MyElements/Code/Personal_Code/study-hub-github/server/core/server.go:36	server run success on 	{"address": ":8888"}
[github.com/KeSilent/study-hub/server]2024/08/22 - 16:49:41.437	[34minfo[0m	/Volumes/MyElements/Code/Personal_Code/study-hub-github/server/initialize/router.go:25	register swagger handler
[github.com/KeSilent/study-hub/server]2024/08/22 - 16:49:41.444	[34minfo[0m	/Volumes/MyElements/Code/Personal_Code/study-hub-github/server/initialize/router.go:72	router register success
[github.com/KeSilent/study-hub/server]2024/08/22 - 16:49:41.444	[34minfo[0m	/Volumes/MyElements/Code/Personal_Code/study-hub-github/server/core/server.go:36	server run success on 	{"address": ":8888"}
[github.com/KeSilent/study-hub/server]2024/08/22 - 16:54:13.259	[34minfo[0m	/Volumes/MyElements/Code/Personal_Code/study-hub-github/server/initialize/router.go:25	register swagger handler
[github.com/KeSilent/study-hub/server]2024/08/22 - 16:54:13.273	[34minfo[0m	/Volumes/MyElements/Code/Personal_Code/study-hub-github/server/initialize/router.go:72	router register success
[github.com/KeSilent/study-hub/server]2024/08/22 - 16:54:13.273	[34minfo[0m	/Volumes/MyElements/Code/Personal_Code/study-hub-github/server/core/server.go:36	server run success on 	{"address": ":8888"}
[github.com/KeSilent/study-hub/server]2024/08/22 - 16:56:10.753	[34minfo[0m	/Volumes/MyElements/Code/Personal_Code/study-hub-github/server/api/v1/system/sys_initdb.go:57	å‰å¾€åˆå§‹åŒ–æ•°æ®åº“
[github.com/KeSilent/study-hub/server]2024/08/22 - 17:09:49.530	[34minfo[0m	/Volumes/MyElements/Code/Personal_Code/study-hub/server/initialize/router.go:25	register swagger handler
[github.com/KeSilent/study-hub/server]2024/08/22 - 17:09:50.056	[34minfo[0m	/Volumes/MyElements/Code/Personal_Code/study-hub/server/initialize/router.go:72	router register success
[github.com/KeSilent/study-hub/server]2024/08/22 - 17:09:50.056	[34minfo[0m	/Volumes/MyElements/Code/Personal_Code/study-hub/server/core/server.go:36	server run success on 	{"address": ":8888"}
